02:12:30 INFO  : Registering command handlers for SDK TCF services
02:12:34 INFO  : Launching XSCT server: xsct.bat -interactive C:\Users\NTX\main1\main1.sdk\temp_xsdb_launch_script.tcl
02:14:41 INFO  : XSCT server has started successfully.
02:14:42 INFO  : Successfully done setting XSCT server connection channel  
21:07:28 INFO  : Registering command handlers for SDK TCF services
21:07:30 INFO  : Launching XSCT server: xsct.bat -interactive E:\MiniZed\Lcd_Key_Testing\main1\main1.sdk\temp_xsdb_launch_script.tcl
21:07:33 INFO  : XSCT server has started successfully.
21:07:33 INFO  : Successfully done setting XSCT server connection channel  
21:07:37 INFO  : Processing command line option -hwspec E:/MiniZed/Lcd_Key_Testing/main1/main1.sdk/design_1_wrapper.hdf.
21:07:37 INFO  : Successfully done setting SDK workspace  
21:08:46 INFO  : Connected to target on host '127.0.0.1' and port '3121'.
21:08:47 INFO  : 'targets -set -filter {jtag_cable_name =~ "Avnet MiniZed V1 1234-oj1A" && level==0} -index 1' command is executed.
21:08:48 INFO  : FPGA configured successfully with bitstream "E:/MiniZed/Lcd_Key_Testing/main1/main1.sdk/design_1_wrapper_hw_platform_0/design_1_wrapper.bit"
21:09:08 INFO  : 'targets -set -filter {jtag_cable_name =~ "Avnet MiniZed V1 1234-oj1A" && level==0} -index 1' command is executed.
21:09:08 INFO  : 'fpga -state' command is executed.
21:09:08 INFO  : Connected to target on host '127.0.0.1' and port '3121'.
21:09:09 INFO  : Jtag cable 'Avnet MiniZed V1 1234-oj1A' is selected.
21:09:09 INFO  : 'jtag frequency' command is executed.
21:09:09 INFO  : Sourcing of 'E:/MiniZed/Lcd_Key_Testing/main1/main1.sdk/design_1_wrapper_hw_platform_0/ps7_init.tcl' is done.
21:09:09 INFO  : Context for 'APU' is selected.
21:09:09 INFO  : Hardware design information is loaded from 'E:/MiniZed/Lcd_Key_Testing/main1/main1.sdk/design_1_wrapper_hw_platform_0/system.hdf'.
21:09:09 INFO  : 'configparams force-mem-access 1' command is executed.
21:09:09 INFO  : Context for 'APU' is selected.
21:09:09 INFO  : 'stop' command is executed.
21:09:09 INFO  : 'ps7_init' command is executed.
21:09:09 INFO  : 'ps7_post_config' command is executed.
21:09:09 INFO  : 'configparams force-mem-access 0' command is executed.
21:09:09 INFO  : ----------------XSDB Script----------------
connect -url tcp:127.0.0.1:3121
source E:/MiniZed/Lcd_Key_Testing/main1/main1.sdk/design_1_wrapper_hw_platform_0/ps7_init.tcl
targets -set -nocase -filter {name =~"APU*" && jtag_cable_name =~ "Avnet MiniZed V1 1234-oj1A"} -index 0
loadhw -hw E:/MiniZed/Lcd_Key_Testing/main1/main1.sdk/design_1_wrapper_hw_platform_0/system.hdf -mem-ranges [list {0x40000000 0xbfffffff}]
configparams force-mem-access 1
targets -set -nocase -filter {name =~"APU*" && jtag_cable_name =~ "Avnet MiniZed V1 1234-oj1A"} -index 0
stop
ps7_init
ps7_post_config
configparams force-mem-access 0
----------------End of Script----------------

21:09:09 INFO  : Memory regions updated for context APU
21:09:09 INFO  : Launch script is exported to file 'E:\MiniZed\Lcd_Key_Testing\main1\main1.sdk\.sdk\launch_scripts\xilinx_c-c++_application_(system_debugger)\system_debugger_using_debug_test.elf_on_local.tcl'
21:17:40 INFO  : Disconnected from the channel tcfchan#1.
21:17:43 INFO  : 'targets -set -filter {jtag_cable_name =~ "Avnet MiniZed V1 1234-oj1A" && level==0} -index 1' command is executed.
21:17:43 INFO  : 'fpga -state' command is executed.
21:17:47 INFO  : Connected to target on host '127.0.0.1' and port '3121'.
21:17:48 INFO  : Jtag cable 'Avnet MiniZed V1 1234-oj1A' is selected.
21:17:48 INFO  : 'jtag frequency' command is executed.
21:17:48 INFO  : Sourcing of 'E:/MiniZed/Lcd_Key_Testing/main1/main1.sdk/design_1_wrapper_hw_platform_0/ps7_init.tcl' is done.
21:17:48 INFO  : Context for 'APU' is selected.
21:17:49 INFO  : Hardware design information is loaded from 'E:/MiniZed/Lcd_Key_Testing/main1/main1.sdk/design_1_wrapper_hw_platform_0/system.hdf'.
21:17:49 INFO  : 'configparams force-mem-access 1' command is executed.
21:17:49 INFO  : Context for 'APU' is selected.
21:17:49 INFO  : 'stop' command is executed.
21:17:50 INFO  : 'ps7_init' command is executed.
21:17:50 INFO  : 'ps7_post_config' command is executed.
21:17:50 INFO  : 'configparams force-mem-access 0' command is executed.
21:17:50 INFO  : ----------------XSDB Script----------------
connect -url tcp:127.0.0.1:3121
source E:/MiniZed/Lcd_Key_Testing/main1/main1.sdk/design_1_wrapper_hw_platform_0/ps7_init.tcl
targets -set -nocase -filter {name =~"APU*" && jtag_cable_name =~ "Avnet MiniZed V1 1234-oj1A"} -index 0
loadhw -hw E:/MiniZed/Lcd_Key_Testing/main1/main1.sdk/design_1_wrapper_hw_platform_0/system.hdf -mem-ranges [list {0x40000000 0xbfffffff}]
configparams force-mem-access 1
targets -set -nocase -filter {name =~"APU*" && jtag_cable_name =~ "Avnet MiniZed V1 1234-oj1A"} -index 0
stop
ps7_init
ps7_post_config
configparams force-mem-access 0
----------------End of Script----------------

21:17:50 INFO  : Memory regions updated for context APU
21:17:50 INFO  : Launch script is exported to file 'E:\MiniZed\Lcd_Key_Testing\main1\main1.sdk\.sdk\launch_scripts\xilinx_c-c++_application_(system_debugger)\system_debugger_using_debug_test.elf_on_local.tcl'
21:17:57 INFO  : Connected to target on host '127.0.0.1' and port '3121'.
21:17:57 INFO  : 'targets -set -filter {jtag_cable_name =~ "Avnet MiniZed V1 1234-oj1A" && level==0} -index 1' command is executed.
21:17:58 INFO  : FPGA configured successfully with bitstream "E:/MiniZed/Lcd_Key_Testing/main1/main1.sdk/design_1_wrapper_hw_platform_0/design_1_wrapper.bit"
21:31:11 INFO  : SDK has detected change in the last modified timestamps for source hardware specification file Source:1599229854970,  Project:1599228332937
21:31:11 INFO  : Project design_1_wrapper_hw_platform_0's source hardware specification located at E:/MiniZed/Lcd_Key_Testing/main1/main1.sdk/design_1_wrapper.hdf is now different from the local copy.
		 The local copy will be replaced with the source specification and your workspace will be updated.
21:31:13 INFO  : Copied contents of E:/MiniZed/Lcd_Key_Testing/main1/main1.sdk/design_1_wrapper.hdf into \design_1_wrapper_hw_platform_0\system.hdf.
21:31:17 INFO  : Synchronizing projects in the workspace with the hardware platform specification changes.
21:31:20 INFO  : 
21:31:21 INFO  : Updating hardware inferred compiler options for test.
21:31:21 INFO  : Clearing existing target manager status.
21:31:21 INFO  : Closing and re-opening the MSS file of ther project standalone_bsp_0
21:31:22 INFO  : Workspace synchronized with the new hardware specification file. Cleaning dependent projects...
21:31:23 WARN  : Linker script will not be updated automatically. Users need to update it manually.
21:32:04 INFO  : Disconnected from the channel tcfchan#2.
21:32:08 INFO  : 'targets -set -filter {jtag_cable_name =~ "Avnet MiniZed V1 1234-oj1A" && level==0} -index 1' command is executed.
21:32:08 INFO  : 'fpga -state' command is executed.
21:32:08 INFO  : Connected to target on host '127.0.0.1' and port '3121'.
21:32:09 INFO  : Jtag cable 'Avnet MiniZed V1 1234-oj1A' is selected.
21:32:09 INFO  : 'jtag frequency' command is executed.
21:32:09 INFO  : Sourcing of 'E:/MiniZed/Lcd_Key_Testing/main1/main1.sdk/design_1_wrapper_hw_platform_0/ps7_init.tcl' is done.
21:32:09 INFO  : Context for 'APU' is selected.
21:32:09 INFO  : Hardware design information is loaded from 'E:/MiniZed/Lcd_Key_Testing/main1/main1.sdk/design_1_wrapper_hw_platform_0/system.hdf'.
21:32:09 INFO  : 'configparams force-mem-access 1' command is executed.
21:32:09 INFO  : Context for 'APU' is selected.
21:32:09 INFO  : 'stop' command is executed.
21:32:09 INFO  : 'ps7_init' command is executed.
21:32:09 INFO  : 'ps7_post_config' command is executed.
21:32:09 INFO  : 'configparams force-mem-access 0' command is executed.
21:32:09 INFO  : ----------------XSDB Script----------------
connect -url tcp:127.0.0.1:3121
source E:/MiniZed/Lcd_Key_Testing/main1/main1.sdk/design_1_wrapper_hw_platform_0/ps7_init.tcl
targets -set -nocase -filter {name =~"APU*" && jtag_cable_name =~ "Avnet MiniZed V1 1234-oj1A"} -index 0
loadhw -hw E:/MiniZed/Lcd_Key_Testing/main1/main1.sdk/design_1_wrapper_hw_platform_0/system.hdf -mem-ranges [list {0x40000000 0xbfffffff}]
configparams force-mem-access 1
targets -set -nocase -filter {name =~"APU*" && jtag_cable_name =~ "Avnet MiniZed V1 1234-oj1A"} -index 0
stop
ps7_init
ps7_post_config
configparams force-mem-access 0
----------------End of Script----------------

21:32:09 INFO  : Memory regions updated for context APU
21:32:09 INFO  : Launch script is exported to file 'E:\MiniZed\Lcd_Key_Testing\main1\main1.sdk\.sdk\launch_scripts\xilinx_c-c++_application_(system_debugger)\system_debugger_using_debug_test.elf_on_local.tcl'
21:32:15 INFO  : Connected to target on host '127.0.0.1' and port '3121'.
21:32:15 INFO  : 'targets -set -filter {jtag_cable_name =~ "Avnet MiniZed V1 1234-oj1A" && level==0} -index 1' command is executed.
21:32:16 INFO  : FPGA configured successfully with bitstream "E:/MiniZed/Lcd_Key_Testing/main1/main1.sdk/design_1_wrapper_hw_platform_0/design_1_wrapper.bit"
21:57:06 INFO  : SDK has detected change in the last modified timestamps for source hardware specification file Source:1599231411103,  Project:1599229854970
21:57:06 INFO  : Project design_1_wrapper_hw_platform_0's source hardware specification located at E:/MiniZed/Lcd_Key_Testing/main1/main1.sdk/design_1_wrapper.hdf is now different from the local copy.
		 The local copy will be replaced with the source specification and your workspace will be updated.
21:57:13 INFO  : Copied contents of E:/MiniZed/Lcd_Key_Testing/main1/main1.sdk/design_1_wrapper.hdf into \design_1_wrapper_hw_platform_0\system.hdf.
21:57:16 INFO  : Synchronizing projects in the workspace with the hardware platform specification changes.
21:57:19 INFO  : 
21:57:19 INFO  : Updating hardware inferred compiler options for test.
21:57:19 INFO  : Clearing existing target manager status.
21:57:19 INFO  : Closing and re-opening the MSS file of ther project standalone_bsp_0
21:57:20 INFO  : Workspace synchronized with the new hardware specification file. Cleaning dependent projects...
21:57:21 WARN  : Linker script will not be updated automatically. Users need to update it manually.
21:57:41 INFO  : Connected to target on host '127.0.0.1' and port '3121'.
21:57:41 INFO  : 'targets -set -filter {jtag_cable_name =~ "Avnet MiniZed V1 1234-oj1A" && level==0} -index 1' command is executed.
21:57:42 INFO  : FPGA configured successfully with bitstream "E:/MiniZed/Lcd_Key_Testing/main1/main1.sdk/design_1_wrapper_hw_platform_0/design_1_wrapper.bit"
21:57:45 INFO  : Disconnected from the channel tcfchan#3.
21:57:48 INFO  : 'targets -set -filter {jtag_cable_name =~ "Avnet MiniZed V1 1234-oj1A" && level==0} -index 1' command is executed.
21:57:49 INFO  : 'fpga -state' command is executed.
21:57:49 INFO  : Connected to target on host '127.0.0.1' and port '3121'.
21:57:49 INFO  : Jtag cable 'Avnet MiniZed V1 1234-oj1A' is selected.
21:57:49 INFO  : 'jtag frequency' command is executed.
21:57:49 INFO  : Sourcing of 'E:/MiniZed/Lcd_Key_Testing/main1/main1.sdk/design_1_wrapper_hw_platform_0/ps7_init.tcl' is done.
21:57:49 INFO  : Context for 'APU' is selected.
21:57:49 INFO  : Hardware design information is loaded from 'E:/MiniZed/Lcd_Key_Testing/main1/main1.sdk/design_1_wrapper_hw_platform_0/system.hdf'.
21:57:49 INFO  : 'configparams force-mem-access 1' command is executed.
21:57:49 INFO  : Context for 'APU' is selected.
21:57:49 INFO  : 'stop' command is executed.
21:57:49 INFO  : 'ps7_init' command is executed.
21:57:49 INFO  : 'ps7_post_config' command is executed.
21:57:49 INFO  : 'configparams force-mem-access 0' command is executed.
21:57:49 INFO  : ----------------XSDB Script----------------
connect -url tcp:127.0.0.1:3121
source E:/MiniZed/Lcd_Key_Testing/main1/main1.sdk/design_1_wrapper_hw_platform_0/ps7_init.tcl
targets -set -nocase -filter {name =~"APU*" && jtag_cable_name =~ "Avnet MiniZed V1 1234-oj1A"} -index 0
loadhw -hw E:/MiniZed/Lcd_Key_Testing/main1/main1.sdk/design_1_wrapper_hw_platform_0/system.hdf -mem-ranges [list {0x40000000 0xbfffffff}]
configparams force-mem-access 1
targets -set -nocase -filter {name =~"APU*" && jtag_cable_name =~ "Avnet MiniZed V1 1234-oj1A"} -index 0
stop
ps7_init
ps7_post_config
configparams force-mem-access 0
----------------End of Script----------------

21:57:49 INFO  : Memory regions updated for context APU
21:57:49 INFO  : Launch script is exported to file 'E:\MiniZed\Lcd_Key_Testing\main1\main1.sdk\.sdk\launch_scripts\xilinx_c-c++_application_(system_debugger)\system_debugger_using_debug_test.elf_on_local.tcl'
22:00:24 INFO  : Disconnected from the channel tcfchan#4.
22:45:21 INFO  : Launching XSCT server: xsct.bat -interactive E:\MiniZed\Lcd_Key_Testing\main1\main1.sdk\temp_xsdb_launch_script.tcl
22:45:23 INFO  : XSCT server has started successfully.
22:45:28 INFO  : Successfully done setting XSCT server connection channel  
22:45:28 INFO  : Successfully done setting SDK workspace  
22:45:37 INFO  : Registering command handlers for SDK TCF services
22:45:37 INFO  : Processing command line option -hwspec E:/MiniZed/Lcd_Key_Testing/main1/main1.sdk/design_1_wrapper.hdf.
22:45:38 INFO  : Checking for hwspec changes in the project design_1_wrapper_hw_platform_0.
22:45:38 INFO  : SDK has detected change in the last modified timestamps for source hardware specification file Source:1599234206285,  Project:1599231411103
22:45:38 INFO  : The hardware specification for project 'design_1_wrapper_hw_platform_0' is different from E:/MiniZed/Lcd_Key_Testing/main1/main1.sdk/design_1_wrapper.hdf.
22:45:38 INFO  : Copied contents of E:/MiniZed/Lcd_Key_Testing/main1/main1.sdk/design_1_wrapper.hdf into \design_1_wrapper_hw_platform_0\system.hdf.
22:45:43 INFO  : Synchronizing projects in the workspace with the hardware platform specification changes.
22:45:48 INFO  : 
22:45:50 INFO  : Updating hardware inferred compiler options for test.
22:45:50 INFO  : Clearing existing target manager status.
22:45:50 INFO  : Closing and re-opening the MSS file of ther project standalone_bsp_0
22:45:51 INFO  : Workspace synchronized with the new hardware specification file. Cleaning dependent projects...
22:45:53 WARN  : Linker script will not be updated automatically. Users need to update it manually.
22:47:01 INFO  : Connected to target on host '127.0.0.1' and port '3121'.
22:47:01 INFO  : 'targets -set -filter {jtag_cable_name =~ "Avnet MiniZed V1 1234-oj1A" && level==0} -index 1' command is executed.
22:47:03 INFO  : FPGA configured successfully with bitstream "E:/MiniZed/Lcd_Key_Testing/main1/main1.sdk/design_1_wrapper_hw_platform_0/design_1_wrapper.bit"
22:47:37 INFO  : 'targets -set -filter {jtag_cable_name =~ "Avnet MiniZed V1 1234-oj1A" && level==0} -index 1' command is executed.
22:47:37 INFO  : 'fpga -state' command is executed.
22:47:37 INFO  : Connected to target on host '127.0.0.1' and port '3121'.
22:47:38 INFO  : Jtag cable 'Avnet MiniZed V1 1234-oj1A' is selected.
22:47:38 INFO  : 'jtag frequency' command is executed.
22:47:38 INFO  : Sourcing of 'E:/MiniZed/Lcd_Key_Testing/main1/main1.sdk/design_1_wrapper_hw_platform_0/ps7_init.tcl' is done.
22:47:38 INFO  : Context for 'APU' is selected.
22:47:38 INFO  : Hardware design information is loaded from 'E:/MiniZed/Lcd_Key_Testing/main1/main1.sdk/design_1_wrapper_hw_platform_0/system.hdf'.
22:47:38 INFO  : 'configparams force-mem-access 1' command is executed.
22:47:38 INFO  : Context for 'APU' is selected.
22:47:38 INFO  : 'stop' command is executed.
22:47:38 INFO  : 'ps7_init' command is executed.
22:47:38 INFO  : 'ps7_post_config' command is executed.
22:47:38 INFO  : 'configparams force-mem-access 0' command is executed.
22:47:38 INFO  : ----------------XSDB Script----------------
connect -url tcp:127.0.0.1:3121
source E:/MiniZed/Lcd_Key_Testing/main1/main1.sdk/design_1_wrapper_hw_platform_0/ps7_init.tcl
targets -set -nocase -filter {name =~"APU*" && jtag_cable_name =~ "Avnet MiniZed V1 1234-oj1A"} -index 0
loadhw -hw E:/MiniZed/Lcd_Key_Testing/main1/main1.sdk/design_1_wrapper_hw_platform_0/system.hdf -mem-ranges [list {0x40000000 0xbfffffff}]
configparams force-mem-access 1
targets -set -nocase -filter {name =~"APU*" && jtag_cable_name =~ "Avnet MiniZed V1 1234-oj1A"} -index 0
stop
ps7_init
ps7_post_config
configparams force-mem-access 0
----------------End of Script----------------

22:47:38 INFO  : Memory regions updated for context APU
22:47:38 INFO  : Launch script is exported to file 'E:\MiniZed\Lcd_Key_Testing\main1\main1.sdk\.sdk\launch_scripts\xilinx_c-c++_application_(system_debugger)\system_debugger_using_debug_test.elf_on_local.tcl'
23:46:54 INFO  : SDK has detected change in the last modified timestamps for source hardware specification file Source:1599237994772,  Project:1599234206285
23:46:54 INFO  : Project design_1_wrapper_hw_platform_0's source hardware specification located at E:/MiniZed/Lcd_Key_Testing/main1/main1.sdk/design_1_wrapper.hdf is now different from the local copy.
		 The local copy will be replaced with the source specification and your workspace will be updated.
23:47:25 INFO  : Copied contents of E:/MiniZed/Lcd_Key_Testing/main1/main1.sdk/design_1_wrapper.hdf into \design_1_wrapper_hw_platform_0\system.hdf.
23:47:40 INFO  : Synchronizing projects in the workspace with the hardware platform specification changes.
23:47:45 INFO  : 
23:47:46 INFO  : Updating hardware inferred compiler options for test.
23:47:46 INFO  : Clearing existing target manager status.
23:47:46 INFO  : Closing and re-opening the MSS file of ther project standalone_bsp_0
23:47:47 INFO  : Workspace synchronized with the new hardware specification file. Cleaning dependent projects...
23:47:48 WARN  : Linker script will not be updated automatically. Users need to update it manually.
23:50:25 INFO  : Connected to target on host '127.0.0.1' and port '3121'.
23:50:25 INFO  : 'targets -set -filter {jtag_cable_name =~ "Avnet MiniZed V1 1234-oj1A" && level==0} -index 1' command is executed.
23:50:26 INFO  : FPGA configured successfully with bitstream "E:/MiniZed/Lcd_Key_Testing/main1/main1.sdk/design_1_wrapper_hw_platform_0/design_1_wrapper.bit"
23:50:31 INFO  : Disconnected from the channel tcfchan#1.
23:50:38 INFO  : 'targets -set -filter {jtag_cable_name =~ "Avnet MiniZed V1 1234-oj1A" && level==0} -index 1' command is executed.
23:50:38 INFO  : 'fpga -state' command is executed.
23:50:38 INFO  : Connected to target on host '127.0.0.1' and port '3121'.
23:50:38 INFO  : Jtag cable 'Avnet MiniZed V1 1234-oj1A' is selected.
23:50:38 INFO  : 'jtag frequency' command is executed.
23:50:38 INFO  : Sourcing of 'E:/MiniZed/Lcd_Key_Testing/main1/main1.sdk/design_1_wrapper_hw_platform_0/ps7_init.tcl' is done.
23:50:38 INFO  : Context for 'APU' is selected.
23:50:38 INFO  : Hardware design information is loaded from 'E:/MiniZed/Lcd_Key_Testing/main1/main1.sdk/design_1_wrapper_hw_platform_0/system.hdf'.
23:50:38 INFO  : 'configparams force-mem-access 1' command is executed.
23:50:38 INFO  : Context for 'APU' is selected.
23:50:38 INFO  : 'stop' command is executed.
23:50:38 INFO  : 'ps7_init' command is executed.
23:50:38 INFO  : 'ps7_post_config' command is executed.
23:50:38 INFO  : 'configparams force-mem-access 0' command is executed.
23:50:38 INFO  : ----------------XSDB Script----------------
connect -url tcp:127.0.0.1:3121
source E:/MiniZed/Lcd_Key_Testing/main1/main1.sdk/design_1_wrapper_hw_platform_0/ps7_init.tcl
targets -set -nocase -filter {name =~"APU*" && jtag_cable_name =~ "Avnet MiniZed V1 1234-oj1A"} -index 0
loadhw -hw E:/MiniZed/Lcd_Key_Testing/main1/main1.sdk/design_1_wrapper_hw_platform_0/system.hdf -mem-ranges [list {0x40000000 0xbfffffff}]
configparams force-mem-access 1
targets -set -nocase -filter {name =~"APU*" && jtag_cable_name =~ "Avnet MiniZed V1 1234-oj1A"} -index 0
stop
ps7_init
ps7_post_config
configparams force-mem-access 0
----------------End of Script----------------

23:50:38 INFO  : Memory regions updated for context APU
23:50:38 INFO  : Launch script is exported to file 'E:\MiniZed\Lcd_Key_Testing\main1\main1.sdk\.sdk\launch_scripts\xilinx_c-c++_application_(system_debugger)\system_debugger_using_debug_test.elf_on_local.tcl'
00:33:55 INFO  : SDK has detected change in the last modified timestamps for source hardware specification file Source:1599240275053,  Project:1599237994772
00:33:55 INFO  : Project design_1_wrapper_hw_platform_0's source hardware specification located at E:/MiniZed/Lcd_Key_Testing/main1/main1.sdk/design_1_wrapper.hdf is now different from the local copy.
		 The local copy will be replaced with the source specification and your workspace will be updated.
00:33:56 INFO  : Copied contents of E:/MiniZed/Lcd_Key_Testing/main1/main1.sdk/design_1_wrapper.hdf into \design_1_wrapper_hw_platform_0\system.hdf.
00:34:01 INFO  : Synchronizing projects in the workspace with the hardware platform specification changes.
00:34:04 INFO  : 
00:34:04 INFO  : Updating hardware inferred compiler options for test.
00:34:04 INFO  : Clearing existing target manager status.
00:34:04 INFO  : Closing and re-opening the MSS file of ther project standalone_bsp_0
00:34:05 INFO  : Workspace synchronized with the new hardware specification file. Cleaning dependent projects...
00:34:06 WARN  : Linker script will not be updated automatically. Users need to update it manually.
00:41:30 INFO  : Connected to target on host '127.0.0.1' and port '3121'.
00:41:30 INFO  : 'targets -set -filter {jtag_cable_name =~ "Avnet MiniZed V1 1234-oj1A" && level==0} -index 1' command is executed.
00:41:31 INFO  : FPGA configured successfully with bitstream "E:/MiniZed/Lcd_Key_Testing/main1/main1.sdk/design_1_wrapper_hw_platform_0/design_1_wrapper.bit"
00:41:35 INFO  : Disconnected from the channel tcfchan#2.
00:41:38 INFO  : 'targets -set -filter {jtag_cable_name =~ "Avnet MiniZed V1 1234-oj1A" && level==0} -index 1' command is executed.
00:41:38 INFO  : 'fpga -state' command is executed.
00:41:38 INFO  : Connected to target on host '127.0.0.1' and port '3121'.
00:41:39 INFO  : Jtag cable 'Avnet MiniZed V1 1234-oj1A' is selected.
00:41:39 INFO  : 'jtag frequency' command is executed.
00:41:39 INFO  : Sourcing of 'E:/MiniZed/Lcd_Key_Testing/main1/main1.sdk/design_1_wrapper_hw_platform_0/ps7_init.tcl' is done.
00:41:39 INFO  : Context for 'APU' is selected.
00:41:39 INFO  : Hardware design information is loaded from 'E:/MiniZed/Lcd_Key_Testing/main1/main1.sdk/design_1_wrapper_hw_platform_0/system.hdf'.
00:41:39 INFO  : 'configparams force-mem-access 1' command is executed.
00:41:39 INFO  : Context for 'APU' is selected.
00:41:39 INFO  : 'stop' command is executed.
00:41:39 INFO  : 'ps7_init' command is executed.
00:41:39 INFO  : 'ps7_post_config' command is executed.
00:41:39 INFO  : 'configparams force-mem-access 0' command is executed.
00:41:39 INFO  : ----------------XSDB Script----------------
connect -url tcp:127.0.0.1:3121
source E:/MiniZed/Lcd_Key_Testing/main1/main1.sdk/design_1_wrapper_hw_platform_0/ps7_init.tcl
targets -set -nocase -filter {name =~"APU*" && jtag_cable_name =~ "Avnet MiniZed V1 1234-oj1A"} -index 0
loadhw -hw E:/MiniZed/Lcd_Key_Testing/main1/main1.sdk/design_1_wrapper_hw_platform_0/system.hdf -mem-ranges [list {0x40000000 0xbfffffff}]
configparams force-mem-access 1
targets -set -nocase -filter {name =~"APU*" && jtag_cable_name =~ "Avnet MiniZed V1 1234-oj1A"} -index 0
stop
ps7_init
ps7_post_config
configparams force-mem-access 0
----------------End of Script----------------

00:41:39 INFO  : Memory regions updated for context APU
00:41:39 INFO  : Launch script is exported to file 'E:\MiniZed\Lcd_Key_Testing\main1\main1.sdk\.sdk\launch_scripts\xilinx_c-c++_application_(system_debugger)\system_debugger_using_debug_test.elf_on_local.tcl'
00:44:24 INFO  : Disconnected from the channel tcfchan#3.
00:44:26 INFO  : 'targets -set -filter {jtag_cable_name =~ "Avnet MiniZed V1 1234-oj1A" && level==0} -index 1' command is executed.
00:44:26 INFO  : 'fpga -state' command is executed.
00:44:26 INFO  : Connected to target on host '127.0.0.1' and port '3121'.
00:44:26 INFO  : Jtag cable 'Avnet MiniZed V1 1234-oj1A' is selected.
00:44:26 INFO  : 'jtag frequency' command is executed.
00:44:26 INFO  : Sourcing of 'E:/MiniZed/Lcd_Key_Testing/main1/main1.sdk/design_1_wrapper_hw_platform_0/ps7_init.tcl' is done.
00:44:26 INFO  : Context for 'APU' is selected.
00:44:26 INFO  : Hardware design information is loaded from 'E:/MiniZed/Lcd_Key_Testing/main1/main1.sdk/design_1_wrapper_hw_platform_0/system.hdf'.
00:44:26 INFO  : 'configparams force-mem-access 1' command is executed.
00:44:26 INFO  : Context for 'APU' is selected.
00:44:26 INFO  : 'stop' command is executed.
00:44:26 INFO  : 'ps7_init' command is executed.
00:44:26 INFO  : 'ps7_post_config' command is executed.
00:44:26 INFO  : 'configparams force-mem-access 0' command is executed.
00:44:26 INFO  : ----------------XSDB Script----------------
connect -url tcp:127.0.0.1:3121
source E:/MiniZed/Lcd_Key_Testing/main1/main1.sdk/design_1_wrapper_hw_platform_0/ps7_init.tcl
targets -set -nocase -filter {name =~"APU*" && jtag_cable_name =~ "Avnet MiniZed V1 1234-oj1A"} -index 0
loadhw -hw E:/MiniZed/Lcd_Key_Testing/main1/main1.sdk/design_1_wrapper_hw_platform_0/system.hdf -mem-ranges [list {0x40000000 0xbfffffff}]
configparams force-mem-access 1
targets -set -nocase -filter {name =~"APU*" && jtag_cable_name =~ "Avnet MiniZed V1 1234-oj1A"} -index 0
stop
ps7_init
ps7_post_config
configparams force-mem-access 0
----------------End of Script----------------

00:44:27 INFO  : Memory regions updated for context APU
00:44:27 INFO  : Launch script is exported to file 'E:\MiniZed\Lcd_Key_Testing\main1\main1.sdk\.sdk\launch_scripts\xilinx_c-c++_application_(system_debugger)\system_debugger_using_debug_test.elf_on_local.tcl'
00:55:46 INFO  : Launching XSCT server: xsct.bat -interactive E:\MiniZed\Lcd_Key_Testing\main1\main1.sdk\temp_xsdb_launch_script.tcl
09:15:00 INFO  : Launching XSCT server: xsct.bat -interactive E:\MiniZed\Lcd_Key_Testing\main1\main1.sdk\temp_xsdb_launch_script.tcl
09:15:06 INFO  : XSCT server has started successfully.
09:15:06 INFO  : Successfully done setting XSCT server connection channel  
09:15:12 INFO  : Successfully done setting SDK workspace  
09:15:26 INFO  : Registering command handlers for SDK TCF services
09:15:26 INFO  : Processing command line option -hwspec E:/MiniZed/Lcd_Key_Testing/main1/main1.sdk/design_1_wrapper.hdf.
09:15:26 INFO  : Checking for hwspec changes in the project design_1_wrapper_hw_platform_0.
09:15:27 INFO  : SDK has detected change in the last modified timestamps for source hardware specification file Source:1599272026948,  Project:1599240275053
09:15:27 INFO  : The hardware specification for project 'design_1_wrapper_hw_platform_0' is different from E:/MiniZed/Lcd_Key_Testing/main1/main1.sdk/design_1_wrapper.hdf.
09:15:27 INFO  : Copied contents of E:/MiniZed/Lcd_Key_Testing/main1/main1.sdk/design_1_wrapper.hdf into \design_1_wrapper_hw_platform_0\system.hdf.
09:15:32 INFO  : Synchronizing projects in the workspace with the hardware platform specification changes.
09:15:38 INFO  : 
09:15:38 INFO  : Updating hardware inferred compiler options for test.
09:15:38 INFO  : Clearing existing target manager status.
09:15:38 INFO  : Closing and re-opening the MSS file of ther project standalone_bsp_0
09:15:39 INFO  : Workspace synchronized with the new hardware specification file. Cleaning dependent projects...
09:15:40 WARN  : Linker script will not be updated automatically. Users need to update it manually.
09:24:18 INFO  : Connected to target on host '127.0.0.1' and port '3121'.
09:24:18 INFO  : 'targets -set -filter {jtag_cable_name =~ "Avnet MiniZed V1 1234-oj1A" && level==0} -index 1' command is executed.
09:24:19 INFO  : FPGA configured successfully with bitstream "E:/MiniZed/Lcd_Key_Testing/main1/main1.sdk/design_1_wrapper_hw_platform_0/design_1_wrapper.bit"
09:24:23 INFO  : 'targets -set -filter {jtag_cable_name =~ "Avnet MiniZed V1 1234-oj1A" && level==0} -index 1' command is executed.
09:24:23 INFO  : 'fpga -state' command is executed.
09:24:23 INFO  : Connected to target on host '127.0.0.1' and port '3121'.
09:24:24 INFO  : Jtag cable 'Avnet MiniZed V1 1234-oj1A' is selected.
09:24:24 INFO  : 'jtag frequency' command is executed.
09:24:24 INFO  : Sourcing of 'E:/MiniZed/Lcd_Key_Testing/main1/main1.sdk/design_1_wrapper_hw_platform_0/ps7_init.tcl' is done.
09:24:24 INFO  : Context for 'APU' is selected.
09:24:24 INFO  : Hardware design information is loaded from 'E:/MiniZed/Lcd_Key_Testing/main1/main1.sdk/design_1_wrapper_hw_platform_0/system.hdf'.
09:24:24 INFO  : 'configparams force-mem-access 1' command is executed.
09:24:24 INFO  : Context for 'APU' is selected.
09:24:24 INFO  : 'stop' command is executed.
09:24:24 INFO  : 'ps7_init' command is executed.
09:24:24 INFO  : 'ps7_post_config' command is executed.
09:24:24 INFO  : 'configparams force-mem-access 0' command is executed.
09:24:24 INFO  : ----------------XSDB Script----------------
connect -url tcp:127.0.0.1:3121
source E:/MiniZed/Lcd_Key_Testing/main1/main1.sdk/design_1_wrapper_hw_platform_0/ps7_init.tcl
targets -set -nocase -filter {name =~"APU*" && jtag_cable_name =~ "Avnet MiniZed V1 1234-oj1A"} -index 0
loadhw -hw E:/MiniZed/Lcd_Key_Testing/main1/main1.sdk/design_1_wrapper_hw_platform_0/system.hdf -mem-ranges [list {0x40000000 0xbfffffff}]
configparams force-mem-access 1
targets -set -nocase -filter {name =~"APU*" && jtag_cable_name =~ "Avnet MiniZed V1 1234-oj1A"} -index 0
stop
ps7_init
ps7_post_config
configparams force-mem-access 0
----------------End of Script----------------

09:24:24 INFO  : Memory regions updated for context APU
09:24:24 INFO  : Launch script is exported to file 'E:\MiniZed\Lcd_Key_Testing\main1\main1.sdk\.sdk\launch_scripts\xilinx_c-c++_application_(system_debugger)\system_debugger_using_debug_test.elf_on_local.tcl'
09:37:19 INFO  : SDK has detected change in the last modified timestamps for source hardware specification file Source:1599273311590,  Project:1599272026948
09:37:19 INFO  : Project design_1_wrapper_hw_platform_0's source hardware specification located at E:/MiniZed/Lcd_Key_Testing/main1/main1.sdk/design_1_wrapper.hdf is now different from the local copy.
		 The local copy will be replaced with the source specification and your workspace will be updated.
09:37:22 INFO  : Copied contents of E:/MiniZed/Lcd_Key_Testing/main1/main1.sdk/design_1_wrapper.hdf into \design_1_wrapper_hw_platform_0\system.hdf.
09:37:29 INFO  : Synchronizing projects in the workspace with the hardware platform specification changes.
09:37:32 INFO  : 
09:37:33 INFO  : Updating hardware inferred compiler options for test.
09:37:33 INFO  : Clearing existing target manager status.
09:37:33 INFO  : Closing and re-opening the MSS file of ther project standalone_bsp_0
09:37:34 INFO  : Workspace synchronized with the new hardware specification file. Cleaning dependent projects...
09:37:35 WARN  : Linker script will not be updated automatically. Users need to update it manually.
09:37:53 INFO  : Connected to target on host '127.0.0.1' and port '3121'.
09:37:53 INFO  : 'targets -set -filter {jtag_cable_name =~ "Avnet MiniZed V1 1234-oj1A" && level==0} -index 1' command is executed.
09:37:55 INFO  : FPGA configured successfully with bitstream "E:/MiniZed/Lcd_Key_Testing/main1/main1.sdk/design_1_wrapper_hw_platform_0/design_1_wrapper.bit"
09:38:00 INFO  : Disconnected from the channel tcfchan#1.
09:38:06 INFO  : 'targets -set -filter {jtag_cable_name =~ "Avnet MiniZed V1 1234-oj1A" && level==0} -index 1' command is executed.
09:38:06 INFO  : 'fpga -state' command is executed.
09:38:06 INFO  : Connected to target on host '127.0.0.1' and port '3121'.
09:38:06 INFO  : Jtag cable 'Avnet MiniZed V1 1234-oj1A' is selected.
09:38:06 INFO  : 'jtag frequency' command is executed.
09:38:06 INFO  : Sourcing of 'E:/MiniZed/Lcd_Key_Testing/main1/main1.sdk/design_1_wrapper_hw_platform_0/ps7_init.tcl' is done.
09:38:06 INFO  : Context for 'APU' is selected.
09:38:06 INFO  : Hardware design information is loaded from 'E:/MiniZed/Lcd_Key_Testing/main1/main1.sdk/design_1_wrapper_hw_platform_0/system.hdf'.
09:38:06 INFO  : 'configparams force-mem-access 1' command is executed.
09:38:06 INFO  : Context for 'APU' is selected.
09:38:06 INFO  : 'stop' command is executed.
09:38:06 INFO  : 'ps7_init' command is executed.
09:38:06 INFO  : 'ps7_post_config' command is executed.
09:38:06 INFO  : 'configparams force-mem-access 0' command is executed.
09:38:06 INFO  : ----------------XSDB Script----------------
connect -url tcp:127.0.0.1:3121
source E:/MiniZed/Lcd_Key_Testing/main1/main1.sdk/design_1_wrapper_hw_platform_0/ps7_init.tcl
targets -set -nocase -filter {name =~"APU*" && jtag_cable_name =~ "Avnet MiniZed V1 1234-oj1A"} -index 0
loadhw -hw E:/MiniZed/Lcd_Key_Testing/main1/main1.sdk/design_1_wrapper_hw_platform_0/system.hdf -mem-ranges [list {0x40000000 0xbfffffff}]
configparams force-mem-access 1
targets -set -nocase -filter {name =~"APU*" && jtag_cable_name =~ "Avnet MiniZed V1 1234-oj1A"} -index 0
stop
ps7_init
ps7_post_config
configparams force-mem-access 0
----------------End of Script----------------

09:38:06 INFO  : Memory regions updated for context APU
09:38:06 INFO  : Launch script is exported to file 'E:\MiniZed\Lcd_Key_Testing\main1\main1.sdk\.sdk\launch_scripts\xilinx_c-c++_application_(system_debugger)\system_debugger_using_debug_test.elf_on_local.tcl'
09:38:33 INFO  : Disconnected from the channel tcfchan#2.
09:38:35 INFO  : 'targets -set -filter {jtag_cable_name =~ "Avnet MiniZed V1 1234-oj1A" && level==0} -index 1' command is executed.
09:38:35 INFO  : 'fpga -state' command is executed.
09:38:35 INFO  : Connected to target on host '127.0.0.1' and port '3121'.
09:38:35 INFO  : Jtag cable 'Avnet MiniZed V1 1234-oj1A' is selected.
09:38:35 INFO  : 'jtag frequency' command is executed.
09:38:35 INFO  : Sourcing of 'E:/MiniZed/Lcd_Key_Testing/main1/main1.sdk/design_1_wrapper_hw_platform_0/ps7_init.tcl' is done.
09:38:35 INFO  : Context for 'APU' is selected.
09:38:35 INFO  : Hardware design information is loaded from 'E:/MiniZed/Lcd_Key_Testing/main1/main1.sdk/design_1_wrapper_hw_platform_0/system.hdf'.
09:38:35 INFO  : 'configparams force-mem-access 1' command is executed.
09:38:35 INFO  : Context for 'APU' is selected.
09:38:35 INFO  : 'stop' command is executed.
09:38:36 INFO  : 'ps7_init' command is executed.
09:38:36 INFO  : 'ps7_post_config' command is executed.
09:38:36 INFO  : 'configparams force-mem-access 0' command is executed.
09:38:36 INFO  : ----------------XSDB Script----------------
connect -url tcp:127.0.0.1:3121
source E:/MiniZed/Lcd_Key_Testing/main1/main1.sdk/design_1_wrapper_hw_platform_0/ps7_init.tcl
targets -set -nocase -filter {name =~"APU*" && jtag_cable_name =~ "Avnet MiniZed V1 1234-oj1A"} -index 0
loadhw -hw E:/MiniZed/Lcd_Key_Testing/main1/main1.sdk/design_1_wrapper_hw_platform_0/system.hdf -mem-ranges [list {0x40000000 0xbfffffff}]
configparams force-mem-access 1
targets -set -nocase -filter {name =~"APU*" && jtag_cable_name =~ "Avnet MiniZed V1 1234-oj1A"} -index 0
stop
ps7_init
ps7_post_config
configparams force-mem-access 0
----------------End of Script----------------

09:38:36 INFO  : Memory regions updated for context APU
09:38:36 INFO  : Launch script is exported to file 'E:\MiniZed\Lcd_Key_Testing\main1\main1.sdk\.sdk\launch_scripts\xilinx_c-c++_application_(system_debugger)\system_debugger_using_debug_test.elf_on_local.tcl'
09:52:16 INFO  : SDK has detected change in the last modified timestamps for source hardware specification file Source:1599274208721,  Project:1599273311590
09:52:16 INFO  : Project design_1_wrapper_hw_platform_0's source hardware specification located at E:/MiniZed/Lcd_Key_Testing/main1/main1.sdk/design_1_wrapper.hdf is now different from the local copy.
		 The local copy will be replaced with the source specification and your workspace will be updated.
09:52:19 INFO  : Copied contents of E:/MiniZed/Lcd_Key_Testing/main1/main1.sdk/design_1_wrapper.hdf into \design_1_wrapper_hw_platform_0\system.hdf.
09:52:24 INFO  : Synchronizing projects in the workspace with the hardware platform specification changes.
09:52:28 INFO  : 
09:52:29 INFO  : Updating hardware inferred compiler options for test.
09:52:29 INFO  : Clearing existing target manager status.
09:52:29 INFO  : Closing and re-opening the MSS file of ther project standalone_bsp_0
09:52:29 INFO  : Workspace synchronized with the new hardware specification file. Cleaning dependent projects...
09:52:30 WARN  : Linker script will not be updated automatically. Users need to update it manually.
09:53:51 INFO  : Connected to target on host '127.0.0.1' and port '3121'.
09:53:51 INFO  : 'targets -set -filter {jtag_cable_name =~ "Avnet MiniZed V1 1234-oj1A" && level==0} -index 1' command is executed.
09:53:53 INFO  : FPGA configured successfully with bitstream "E:/MiniZed/Lcd_Key_Testing/main1/main1.sdk/design_1_wrapper_hw_platform_0/design_1_wrapper.bit"
09:53:56 INFO  : Disconnected from the channel tcfchan#3.
09:53:59 INFO  : 'targets -set -filter {jtag_cable_name =~ "Avnet MiniZed V1 1234-oj1A" && level==0} -index 1' command is executed.
09:53:59 INFO  : 'fpga -state' command is executed.
09:53:59 INFO  : Connected to target on host '127.0.0.1' and port '3121'.
09:53:59 INFO  : Jtag cable 'Avnet MiniZed V1 1234-oj1A' is selected.
09:53:59 INFO  : 'jtag frequency' command is executed.
09:53:59 INFO  : Sourcing of 'E:/MiniZed/Lcd_Key_Testing/main1/main1.sdk/design_1_wrapper_hw_platform_0/ps7_init.tcl' is done.
09:53:59 INFO  : Context for 'APU' is selected.
09:53:59 INFO  : Hardware design information is loaded from 'E:/MiniZed/Lcd_Key_Testing/main1/main1.sdk/design_1_wrapper_hw_platform_0/system.hdf'.
09:53:59 INFO  : 'configparams force-mem-access 1' command is executed.
09:54:00 INFO  : Context for 'APU' is selected.
09:54:00 INFO  : 'stop' command is executed.
09:54:00 INFO  : 'ps7_init' command is executed.
09:54:00 INFO  : 'ps7_post_config' command is executed.
09:54:00 INFO  : 'configparams force-mem-access 0' command is executed.
09:54:00 INFO  : ----------------XSDB Script----------------
connect -url tcp:127.0.0.1:3121
source E:/MiniZed/Lcd_Key_Testing/main1/main1.sdk/design_1_wrapper_hw_platform_0/ps7_init.tcl
targets -set -nocase -filter {name =~"APU*" && jtag_cable_name =~ "Avnet MiniZed V1 1234-oj1A"} -index 0
loadhw -hw E:/MiniZed/Lcd_Key_Testing/main1/main1.sdk/design_1_wrapper_hw_platform_0/system.hdf -mem-ranges [list {0x40000000 0xbfffffff}]
configparams force-mem-access 1
targets -set -nocase -filter {name =~"APU*" && jtag_cable_name =~ "Avnet MiniZed V1 1234-oj1A"} -index 0
stop
ps7_init
ps7_post_config
configparams force-mem-access 0
----------------End of Script----------------

09:54:00 INFO  : Memory regions updated for context APU
09:54:00 INFO  : Launch script is exported to file 'E:\MiniZed\Lcd_Key_Testing\main1\main1.sdk\.sdk\launch_scripts\xilinx_c-c++_application_(system_debugger)\system_debugger_using_debug_test.elf_on_local.tcl'
09:55:21 INFO  : Connected to target on host '127.0.0.1' and port '3121'.
09:55:21 INFO  : 'targets -set -filter {jtag_cable_name =~ "Avnet MiniZed V1 1234-oj1A" && level==0} -index 1' command is executed.
09:55:23 INFO  : FPGA configured successfully with bitstream "E:/MiniZed/Lcd_Key_Testing/main1/main1.sdk/design_1_wrapper_hw_platform_0/design_1_wrapper.bit"
09:55:26 INFO  : Disconnected from the channel tcfchan#4.
09:55:28 INFO  : 'targets -set -filter {jtag_cable_name =~ "Avnet MiniZed V1 1234-oj1A" && level==0} -index 1' command is executed.
09:55:28 INFO  : 'fpga -state' command is executed.
09:55:28 INFO  : Connected to target on host '127.0.0.1' and port '3121'.
09:55:28 INFO  : Jtag cable 'Avnet MiniZed V1 1234-oj1A' is selected.
09:55:28 INFO  : 'jtag frequency' command is executed.
09:55:28 INFO  : Sourcing of 'E:/MiniZed/Lcd_Key_Testing/main1/main1.sdk/design_1_wrapper_hw_platform_0/ps7_init.tcl' is done.
09:55:28 INFO  : Context for 'APU' is selected.
09:55:28 INFO  : Hardware design information is loaded from 'E:/MiniZed/Lcd_Key_Testing/main1/main1.sdk/design_1_wrapper_hw_platform_0/system.hdf'.
09:55:28 INFO  : 'configparams force-mem-access 1' command is executed.
09:55:28 INFO  : Context for 'APU' is selected.
09:55:28 INFO  : 'stop' command is executed.
09:55:28 INFO  : 'ps7_init' command is executed.
09:55:28 INFO  : 'ps7_post_config' command is executed.
09:55:28 INFO  : 'configparams force-mem-access 0' command is executed.
09:55:28 INFO  : ----------------XSDB Script----------------
connect -url tcp:127.0.0.1:3121
source E:/MiniZed/Lcd_Key_Testing/main1/main1.sdk/design_1_wrapper_hw_platform_0/ps7_init.tcl
targets -set -nocase -filter {name =~"APU*" && jtag_cable_name =~ "Avnet MiniZed V1 1234-oj1A"} -index 0
loadhw -hw E:/MiniZed/Lcd_Key_Testing/main1/main1.sdk/design_1_wrapper_hw_platform_0/system.hdf -mem-ranges [list {0x40000000 0xbfffffff}]
configparams force-mem-access 1
targets -set -nocase -filter {name =~"APU*" && jtag_cable_name =~ "Avnet MiniZed V1 1234-oj1A"} -index 0
stop
ps7_init
ps7_post_config
configparams force-mem-access 0
----------------End of Script----------------

09:55:29 INFO  : Memory regions updated for context APU
09:55:29 INFO  : Launch script is exported to file 'E:\MiniZed\Lcd_Key_Testing\main1\main1.sdk\.sdk\launch_scripts\xilinx_c-c++_application_(system_debugger)\system_debugger_using_debug_test.elf_on_local.tcl'
10:04:07 INFO  : SDK has detected change in the last modified timestamps for source hardware specification file Source:1599274976842,  Project:1599274208721
10:04:07 INFO  : Project design_1_wrapper_hw_platform_0's source hardware specification located at E:/MiniZed/Lcd_Key_Testing/main1/main1.sdk/design_1_wrapper.hdf is now different from the local copy.
		 The local copy will be replaced with the source specification and your workspace will be updated.
10:04:09 INFO  : Copied contents of E:/MiniZed/Lcd_Key_Testing/main1/main1.sdk/design_1_wrapper.hdf into \design_1_wrapper_hw_platform_0\system.hdf.
10:04:14 INFO  : Synchronizing projects in the workspace with the hardware platform specification changes.
10:04:16 INFO  : 
10:04:17 INFO  : Updating hardware inferred compiler options for test.
10:04:17 INFO  : Clearing existing target manager status.
10:04:17 INFO  : Closing and re-opening the MSS file of ther project standalone_bsp_0
10:04:17 INFO  : Workspace synchronized with the new hardware specification file. Cleaning dependent projects...
10:04:18 WARN  : Linker script will not be updated automatically. Users need to update it manually.
10:04:45 INFO  : Connected to target on host '127.0.0.1' and port '3121'.
10:04:45 INFO  : 'targets -set -filter {jtag_cable_name =~ "Avnet MiniZed V1 1234-oj1A" && level==0} -index 1' command is executed.
10:04:47 INFO  : FPGA configured successfully with bitstream "E:/MiniZed/Lcd_Key_Testing/main1/main1.sdk/design_1_wrapper_hw_platform_0/design_1_wrapper.bit"
10:04:55 INFO  : Disconnected from the channel tcfchan#5.
10:04:59 INFO  : 'targets -set -filter {jtag_cable_name =~ "Avnet MiniZed V1 1234-oj1A" && level==0} -index 1' command is executed.
10:04:59 INFO  : 'fpga -state' command is executed.
10:04:59 INFO  : Connected to target on host '127.0.0.1' and port '3121'.
10:05:00 INFO  : Jtag cable 'Avnet MiniZed V1 1234-oj1A' is selected.
10:05:00 INFO  : 'jtag frequency' command is executed.
10:05:00 INFO  : Sourcing of 'E:/MiniZed/Lcd_Key_Testing/main1/main1.sdk/design_1_wrapper_hw_platform_0/ps7_init.tcl' is done.
10:05:00 INFO  : Context for 'APU' is selected.
10:05:00 INFO  : Hardware design information is loaded from 'E:/MiniZed/Lcd_Key_Testing/main1/main1.sdk/design_1_wrapper_hw_platform_0/system.hdf'.
10:05:00 INFO  : 'configparams force-mem-access 1' command is executed.
10:05:00 INFO  : Context for 'APU' is selected.
10:05:00 INFO  : 'stop' command is executed.
10:05:00 ERROR : Memory read error at 0xF8007080. AHB AP transaction error, DAP status f0000021
10:05:00 INFO  : ----------------XSDB Script----------------
connect -url tcp:127.0.0.1:3121
source E:/MiniZed/Lcd_Key_Testing/main1/main1.sdk/design_1_wrapper_hw_platform_0/ps7_init.tcl
targets -set -nocase -filter {name =~"APU*" && jtag_cable_name =~ "Avnet MiniZed V1 1234-oj1A"} -index 0
loadhw -hw E:/MiniZed/Lcd_Key_Testing/main1/main1.sdk/design_1_wrapper_hw_platform_0/system.hdf -mem-ranges [list {0x40000000 0xbfffffff}]
configparams force-mem-access 1
targets -set -nocase -filter {name =~"APU*" && jtag_cable_name =~ "Avnet MiniZed V1 1234-oj1A"} -index 0
stop
ps7_init
----------------End of Script----------------

10:05:16 INFO  : 'targets -set -filter {jtag_cable_name =~ "Avnet MiniZed V1 1234-oj1A" && level==0} -index 1' command is executed.
10:05:16 INFO  : 'fpga -state' command is executed.
10:05:17 INFO  : Connected to target on host '127.0.0.1' and port '3121'.
10:05:17 INFO  : Jtag cable 'Avnet MiniZed V1 1234-oj1A' is selected.
10:05:17 INFO  : 'jtag frequency' command is executed.
10:05:17 INFO  : Sourcing of 'E:/MiniZed/Lcd_Key_Testing/main1/main1.sdk/design_1_wrapper_hw_platform_0/ps7_init.tcl' is done.
10:05:17 INFO  : Context for 'APU' is selected.
10:05:17 INFO  : Hardware design information is loaded from 'E:/MiniZed/Lcd_Key_Testing/main1/main1.sdk/design_1_wrapper_hw_platform_0/system.hdf'.
10:05:17 INFO  : 'configparams force-mem-access 1' command is executed.
10:05:17 INFO  : Context for 'APU' is selected.
10:05:17 INFO  : 'stop' command is executed.
10:05:17 ERROR : Memory read error at 0xF8007080. AHB AP transaction error, DAP status f0000021
10:05:17 INFO  : ----------------XSDB Script----------------
connect -url tcp:127.0.0.1:3121
source E:/MiniZed/Lcd_Key_Testing/main1/main1.sdk/design_1_wrapper_hw_platform_0/ps7_init.tcl
targets -set -nocase -filter {name =~"APU*" && jtag_cable_name =~ "Avnet MiniZed V1 1234-oj1A"} -index 0
loadhw -hw E:/MiniZed/Lcd_Key_Testing/main1/main1.sdk/design_1_wrapper_hw_platform_0/system.hdf -mem-ranges [list {0x40000000 0xbfffffff}]
configparams force-mem-access 1
targets -set -nocase -filter {name =~"APU*" && jtag_cable_name =~ "Avnet MiniZed V1 1234-oj1A"} -index 0
stop
ps7_init
----------------End of Script----------------

10:06:05 INFO  : Connected to target on host '127.0.0.1' and port '3121'.
10:06:06 INFO  : 'targets -set -filter {jtag_cable_name =~ "Avnet MiniZed V1 1234-oj1A" && level==0} -index 1' command is executed.
10:06:08 ERROR : fpga configuration failed. DONE PIN is not HIGH
10:06:18 INFO  : Connected to target on host '127.0.0.1' and port '3121'.
10:06:18 INFO  : 'targets -set -filter {jtag_cable_name =~ "Avnet MiniZed V1 1234-oj1A" && level==0} -index 1' command is executed.
10:06:20 INFO  : FPGA configured successfully with bitstream "E:/MiniZed/Lcd_Key_Testing/main1/main1.sdk/design_1_wrapper_hw_platform_0/design_1_wrapper.bit"
10:06:23 INFO  : 'targets -set -filter {jtag_cable_name =~ "Avnet MiniZed V1 1234-oj1A" && level==0} -index 1' command is executed.
10:06:23 INFO  : 'fpga -state' command is executed.
10:06:23 INFO  : Connected to target on host '127.0.0.1' and port '3121'.
10:06:24 INFO  : Jtag cable 'Avnet MiniZed V1 1234-oj1A' is selected.
10:06:24 INFO  : 'jtag frequency' command is executed.
10:06:24 INFO  : Sourcing of 'E:/MiniZed/Lcd_Key_Testing/main1/main1.sdk/design_1_wrapper_hw_platform_0/ps7_init.tcl' is done.
10:06:24 INFO  : Context for 'APU' is selected.
10:06:24 INFO  : Hardware design information is loaded from 'E:/MiniZed/Lcd_Key_Testing/main1/main1.sdk/design_1_wrapper_hw_platform_0/system.hdf'.
10:06:24 INFO  : 'configparams force-mem-access 1' command is executed.
10:06:24 INFO  : Context for 'APU' is selected.
10:06:24 INFO  : 'stop' command is executed.
10:06:24 INFO  : 'ps7_init' command is executed.
10:06:24 INFO  : 'ps7_post_config' command is executed.
10:06:24 INFO  : 'configparams force-mem-access 0' command is executed.
10:06:24 INFO  : ----------------XSDB Script----------------
connect -url tcp:127.0.0.1:3121
source E:/MiniZed/Lcd_Key_Testing/main1/main1.sdk/design_1_wrapper_hw_platform_0/ps7_init.tcl
targets -set -nocase -filter {name =~"APU*" && jtag_cable_name =~ "Avnet MiniZed V1 1234-oj1A"} -index 0
loadhw -hw E:/MiniZed/Lcd_Key_Testing/main1/main1.sdk/design_1_wrapper_hw_platform_0/system.hdf -mem-ranges [list {0x40000000 0xbfffffff}]
configparams force-mem-access 1
targets -set -nocase -filter {name =~"APU*" && jtag_cable_name =~ "Avnet MiniZed V1 1234-oj1A"} -index 0
stop
ps7_init
ps7_post_config
configparams force-mem-access 0
----------------End of Script----------------

10:06:24 INFO  : Memory regions updated for context APU
10:06:24 INFO  : Launch script is exported to file 'E:\MiniZed\Lcd_Key_Testing\main1\main1.sdk\.sdk\launch_scripts\xilinx_c-c++_application_(system_debugger)\system_debugger_using_debug_test.elf_on_local.tcl'
10:16:29 INFO  : Disconnected from the channel tcfchan#6.
